f:\admission docs 2020\vit\meterial\set conference\ecg-aanamoly-detection-using-parallel-programming-open-mp--master\ecgscanner\debug\vc142.pdb
f:\admission docs 2020\vit\meterial\set conference\ecg-aanamoly-detection-using-parallel-programming-open-mp--master\ecgscanner\debug\vc142.idb
f:\admission docs 2020\vit\meterial\set conference\ecg-aanamoly-detection-using-parallel-programming-open-mp--master\ecgscanner\debug\utils.obj
f:\admission docs 2020\vit\meterial\set conference\ecg-aanamoly-detection-using-parallel-programming-open-mp--master\ecgscanner\debug\test.obj
f:\admission docs 2020\vit\meterial\set conference\ecg-aanamoly-detection-using-parallel-programming-open-mp--master\ecgscanner\debug\sensor.obj
f:\admission docs 2020\vit\meterial\set conference\ecg-aanamoly-detection-using-parallel-programming-open-mp--master\ecgscanner\debug\peaks.obj
f:\admission docs 2020\vit\meterial\set conference\ecg-aanamoly-detection-using-parallel-programming-open-mp--master\ecgscanner\debug\filters.obj
f:\admission docs 2020\vit\meterial\set conference\ecg-aanamoly-detection-using-parallel-programming-open-mp--master\ecgscanner\debug\globals.obj
f:\admission docs 2020\vit\meterial\set conference\ecg-aanamoly-detection-using-parallel-programming-open-mp--master\ecgscanner\debug\mains.obj
f:\admission docs 2020\vit\meterial\set conference\ecg-aanamoly-detection-using-parallel-programming-open-mp--master\ecgscanner\debug\filterss.obj
f:\admission docs 2020\vit\meterial\set conference\ecg-aanamoly-detection-using-parallel-programming-open-mp--master\ecgscanner\debug\main.obj
f:\admission docs 2020\vit\meterial\set conference\ecg-aanamoly-detection-using-parallel-programming-open-mp--master\debug\ecgscanner_p.exe
f:\admission docs 2020\vit\meterial\set conference\ecg-aanamoly-detection-using-parallel-programming-open-mp--master\debug\ecgscanner_p.ilk
f:\admission docs 2020\vit\meterial\set conference\ecg-aanamoly-detection-using-parallel-programming-open-mp--master\debug\ecgscanner_p.pdb
f:\admission docs 2020\vit\meterial\set conference\ecg-aanamoly-detection-using-parallel-programming-open-mp--master\ecgscanner\debug\ecgscanner_p.tlog\cl.command.1.tlog
f:\admission docs 2020\vit\meterial\set conference\ecg-aanamoly-detection-using-parallel-programming-open-mp--master\ecgscanner\debug\ecgscanner_p.tlog\cl.read.1.tlog
f:\admission docs 2020\vit\meterial\set conference\ecg-aanamoly-detection-using-parallel-programming-open-mp--master\ecgscanner\debug\ecgscanner_p.tlog\cl.write.1.tlog
f:\admission docs 2020\vit\meterial\set conference\ecg-aanamoly-detection-using-parallel-programming-open-mp--master\ecgscanner\debug\ecgscanner_p.tlog\link.command.1.tlog
f:\admission docs 2020\vit\meterial\set conference\ecg-aanamoly-detection-using-parallel-programming-open-mp--master\ecgscanner\debug\ecgscanner_p.tlog\link.read.1.tlog
f:\admission docs 2020\vit\meterial\set conference\ecg-aanamoly-detection-using-parallel-programming-open-mp--master\ecgscanner\debug\ecgscanner_p.tlog\link.write.1.tlog
